<?xml version="1.0" encoding="UTF-8"?>
<testsuite name="com.omni.runners.Search" tests="0" skipped="0" failures="0" errors="0" timestamp="1970-01-01T00:00:00" hostname="DESKTOP-58EKR7N" time="0.0">
  <properties/>
  <system-out><![CDATA[
1 Scenarios (?[32m1 passed?[0m)
3 Steps (?[32m3 passed?[0m)
0m47,277s


]]></system-out>
  <system-err><![CDATA[[Test worker] INFO io.cucumber.core.plugin.SerenityReporter - Running feature from file:///D:/Automatizacion/PruebaOMNI/src/test/resources/features/search.feature
[Test worker] INFO  - ?[96m

-------------------------------------------------------------------------------------
     _______. _______ .______       _______ .__   __.  __  .___________.____    ____ 
    /       ||   ____||   _  \     |   ____||  \ |  | |  | |           |\   \  /   / 
   |   (----`|  |__   |  |_)  |    |  |__   |   \|  | |  | `---|  |----` \   \/   /  
    \   \    |   __|  |      /     |   __|  |  . `  | |  |     |  |       \_    _/   
.----)   |   |  |____ |  |\  \----.|  |____ |  |\   | |  |     |  |         |  |     
|_______/    |_______|| _| `._____||_______||__| \__| |__|     |__|         |__|    
                                                                                     
 News and tutorials at http://www.serenity-bdd.info                                  
 Documentation at https://wakaleo.gitbooks.io/the-serenity-book/content/             
 Join the Serenity Community on Gitter: https://gitter.im/serenity-bdd/serenity-core 
 Serenity BDD Support and Training at http://serenity-bdd.info/#/trainingandsupport  
-------------------------------------------------------------------------------------
?[0m
[Test worker] INFO  - Test Suite Started: find a product
[pool-1-thread-1] INFO net.thucydides.core.reports.ReportService - net.thucydides.core.reports.json.JSONTestOutcomeReporter@2880a66b: Generating report for test outcome: find a product:Search a product Adidas
[pool-2-thread-1] INFO net.thucydides.core.reports.ReportService - net.thucydides.core.reports.html.HtmlAcceptanceTestReporter@60e8eec3: Generating report for test outcome: find a product:Search a product Adidas
[pool-2-thread-1] INFO serenity.reporting - 
--------------------------------------
| TEST NAME:   ?[1mSearch a product Adidas?[0m
| RESULT:      ?[92mPassing?[0m
| REQUIREMENT: find a product
| REPORT:      ?[96mfile:///D:/Automatizacion/PruebaOMNI/target/site/serenity/7d7f0314a36b603d31808b0294de97a7413f846bbb1d0dcafe50d43bc2f13ca9.html?[0m
--------------------------------------
[Test worker] INFO io.cucumber.core.plugin.SerenityReporter - Cleanup test resources for URI file:///D:/Automatizacion/PruebaOMNI/src/test/resources/features/search.feature
]]></system-err>
</testsuite>
